This is pdfTeX, Version 3.14159265-2.6-1.40.19 (TeX Live 2018) (preloaded format=pdflatex 2018.4.16)  21 FEB 2019 19:07
entering extended mode
 restricted \write18 enabled.
 %&-line parsing enabled.
**OutlineOnly.tex
(./OutlineOnly.tex
LaTeX2e <2018-04-01> patch level 2
Babel <3.18> and hyphenation patterns for 84 language(s) loaded.
(/usr/local/texlive/2018/texmf-dist/tex/latex/base/book.cls
Document Class: book 2014/09/29 v1.4h Standard LaTeX document class
(/usr/local/texlive/2018/texmf-dist/tex/latex/base/bk11.clo
File: bk11.clo 2014/09/29 v1.4h Standard LaTeX file (size option)
)
\c@part=\count80
\c@chapter=\count81
\c@section=\count82
\c@subsection=\count83
\c@subsubsection=\count84
\c@paragraph=\count85
\c@subparagraph=\count86
\c@figure=\count87
\c@table=\count88
\abovecaptionskip=\skip41
\belowcaptionskip=\skip42
\bibindent=\dimen102
)
(/usr/local/texlive/2018/texmf-dist/tex/latex/base/inputenc.sty
Package: inputenc 2018/04/06 v1.3b Input encoding file
\inpenc@prehook=\toks14
\inpenc@posthook=\toks15
)
(/usr/local/texlive/2018/texmf-dist/tex/latex/geometry/geometry.sty
Package: geometry 2018/03/24 v5.7 Page Geometry

(/usr/local/texlive/2018/texmf-dist/tex/latex/graphics/keyval.sty
Package: keyval 2014/10/28 v1.15 key=value parser (DPC)
\KV@toks@=\toks16
)
(/usr/local/texlive/2018/texmf-dist/tex/generic/oberdiek/ifpdf.sty
Package: ifpdf 2017/03/15 v3.2 Provides the ifpdf switch
)
(/usr/local/texlive/2018/texmf-dist/tex/generic/oberdiek/ifvtex.sty
Package: ifvtex 2016/05/16 v1.6 Detect VTeX and its facilities (HO)
Package ifvtex Info: VTeX not detected.
)
(/usr/local/texlive/2018/texmf-dist/tex/generic/ifxetex/ifxetex.sty
Package: ifxetex 2010/09/12 v0.6 Provides ifxetex conditional
)
\Gm@cnth=\count89
\Gm@cntv=\count90
\c@Gm@tempcnt=\count91
\Gm@bindingoffset=\dimen103
\Gm@wd@mp=\dimen104
\Gm@odd@mp=\dimen105
\Gm@even@mp=\dimen106
\Gm@layoutwidth=\dimen107
\Gm@layoutheight=\dimen108
\Gm@layouthoffset=\dimen109
\Gm@layoutvoffset=\dimen110
\Gm@dimlist=\toks17
)
(/usr/local/texlive/2018/texmf-dist/tex/latex/sectsty/sectsty.sty
Package: sectsty 2002/02/25 v2.0.2 Commands to change all sectional heading sty
les
)
(/usr/local/texlive/2018/texmf-dist/tex/latex/fancyhdr/fancyhdr.sty
Package: fancyhdr 2017/06/30 v3.9a Extensive control of page headers and footer
s
\f@nch@headwidth=\skip43
\f@nch@O@elh=\skip44
\f@nch@O@erh=\skip45
\f@nch@O@olh=\skip46
\f@nch@O@orh=\skip47
\f@nch@O@elf=\skip48
\f@nch@O@erf=\skip49
\f@nch@O@olf=\skip50
\f@nch@O@orf=\skip51
)
(./OutlineOnly.aux)
\openout1 = `OutlineOnly.aux'.

LaTeX Font Info:    Checking defaults for OML/cmm/m/it on input line 26.
LaTeX Font Info:    ... okay on input line 26.
LaTeX Font Info:    Checking defaults for T1/cmr/m/n on input line 26.
LaTeX Font Info:    ... okay on input line 26.
LaTeX Font Info:    Checking defaults for OT1/cmr/m/n on input line 26.
LaTeX Font Info:    ... okay on input line 26.
LaTeX Font Info:    Checking defaults for OMS/cmsy/m/n on input line 26.
LaTeX Font Info:    ... okay on input line 26.
LaTeX Font Info:    Checking defaults for OMX/cmex/m/n on input line 26.
LaTeX Font Info:    ... okay on input line 26.
LaTeX Font Info:    Checking defaults for U/cmr/m/n on input line 26.
LaTeX Font Info:    ... okay on input line 26.

*geometry* driver: auto-detecting
*geometry* detected driver: pdftex
*geometry* verbose mode - [ preamble ] result:
* driver: pdftex
* paper: letterpaper
* layout: <same size as paper>
* layoutoffset:(h,v)=(0.0pt,0.0pt)
* modes: twoside 
* h-part:(L,W,R)=(73.71613pt, 430.00462pt, 110.57425pt)
* v-part:(T,H,B)=(95.39737pt, 556.47656pt, 143.09605pt)
* \paperwidth=614.295pt
* \paperheight=794.96999pt
* \textwidth=430.00462pt
* \textheight=556.47656pt
* \oddsidemargin=1.44614pt
* \evensidemargin=38.30426pt
* \topmargin=-8.74641pt
* \headheight=12.0pt
* \headsep=19.8738pt
* \topskip=11.0pt
* \footskip=27.46295pt
* \marginparwidth=116.0pt
* \marginparsep=7.0pt
* \columnsep=10.0pt
* \skip\footins=10.0pt plus 4.0pt minus 2.0pt
* \hoffset=0.0pt
* \voffset=0.0pt
* \mag=1000
* \@twocolumnfalse
* \@twosidetrue
* \@mparswitchtrue
* \@reversemarginfalse
* (1in=72.27pt=25.4mm, 1cm=28.453pt)

LaTeX Font Info:    External font `cmex10' loaded for size
(Font)              <12> on input line 33.
LaTeX Font Info:    External font `cmex10' loaded for size
(Font)              <8> on input line 33.
LaTeX Font Info:    External font `cmex10' loaded for size
(Font)              <6> on input line 33.
[1


{/usr/local/texlive/2018/texmf-var/fonts/map/pdftex/updmap/pdftex.map}]

Package Fancyhdr Warning: \headheight is too small (12.0pt): 
 Make it at least 13.59999pt.
 We now make it that large for the rest of the document.
 This may cause the page layout to be inconsistent, however.

[2

] (./OutlineOnly.toc
LaTeX Font Info:    External font `cmex10' loaded for size
(Font)              <10.95> on input line 2.
 [1

]
Overfull \hbox (11.55481pt too wide) in paragraph at lines 41--41
 [][] []\OT1/cmr/m/n/10.95 Translating Math-e-mat-i-cal State-ments into State-
ments In-volv-ing Nested 
 []

[2] [3] [4] [5] [6] [7] [8] [9] [10] [11])
\tf@toc=\write3
\openout3 = `OutlineOnly.toc'.

 [12]
Chapter 1.

Overfull \hbox (5.61624pt too wide) in paragraph at lines 97--97
[]\OT1/cmr/bx/n/12 Combining Rules of In-fer-ence for Propo-si-tions and Quan-t
i-fied State-
 []


Underfull \vbox (badness 10000) has occurred while \output is active []

 [1


]
Overfull \vbox (1247.9421pt too high) has occurred while \output is active []


[2]
Chapter 2.

Underfull \vbox (badness 10000) has occurred while \output is active []

 [3

]
Overfull \vbox (557.69948pt too high) has occurred while \output is active []


[4]
Chapter 3.

Underfull \vbox (badness 10000) has occurred while \output is active []

 [5

]
Overfull \vbox (22.1318pt too high) has occurred while \output is active []


[6]
Chapter 4.

Underfull \vbox (badness 10000) has occurred while \output is active []

 [7

]
Overfull \vbox (509.02759pt too high) has occurred while \output is active []


[8]
Chapter 5.

Underfull \vbox (badness 10000) has occurred while \output is active []

 [9

]
Overfull \vbox (311.60924pt too high) has occurred while \output is active []


[10]
Chapter 6.

Underfull \vbox (badness 10000) has occurred while \output is active []

 [11

]
Overfull \vbox (277.2372pt too high) has occurred while \output is active []


[12]
Chapter 7.

Underfull \vbox (badness 10000) has occurred while \output is active []

 [13

]
Overfull \vbox (240.62201pt too high) has occurred while \output is active []


[14]
Chapter 8.

Underfull \vbox (badness 10000) has occurred while \output is active []

 [15

]
Overfull \vbox (260.02164pt too high) has occurred while \output is active []


[16]
Chapter 9.
LaTeX Font Info:    External font `cmex10' loaded for size
(Font)              <14.4> on input line 388.
LaTeX Font Info:    External font `cmex10' loaded for size
(Font)              <7> on input line 388.

Underfull \vbox (badness 10000) has occurred while \output is active []

 [17

]
Overfull \vbox (361.52461pt too high) has occurred while \output is active []


[18]
Chapter 10.

Underfull \vbox (badness 10000) has occurred while \output is active []

 [19

]
Overfull \vbox (482.42722pt too high) has occurred while \output is active []


[20]
Chapter 11.

Underfull \vbox (badness 10000) has occurred while \output is active []

 [21

]
Overfull \vbox (143.03441pt too high) has occurred while \output is active []


[22]
Chapter 12.

Underfull \vbox (badness 10000) has occurred while \output is active []

 [23

]
Overfull \vbox (50.97533pt too high) has occurred while \output is active []


[24]
Chapter 13.

Underfull \vbox (badness 10000) has occurred while \output is active []

 [25

]
Overfull \vbox (248.39368pt too high) has occurred while \output is active []


[26] (./OutlineOnly.aux) ) 
Here is how much of TeX's memory you used:
 1033 strings out of 492649
 14097 string characters out of 6129622
 87247 words of memory out of 5000000
 4958 multiletter control sequences out of 15000+600000
 10638 words of font info for 37 fonts, out of 8000000 for 9000
 1141 hyphenation exceptions out of 8191
 24i,11n,43p,188b,242s stack positions out of 5000i,500n,10000p,200000b,80000s
</usr/local/texlive/2018/texmf-dist/fonts/type1/publi
c/amsfonts/cm/cmbx10.pfb></usr/local/texlive/2018/texmf-dist/fonts/type1/public
/amsfonts/cm/cmbx12.pfb></usr/local/texlive/2018/texmf-dist/fonts/type1/public/
amsfonts/cm/cmmi10.pfb></usr/local/texlive/2018/texmf-dist/fonts/type1/public/a
msfonts/cm/cmmi12.pfb></usr/local/texlive/2018/texmf-dist/fonts/type1/public/am
sfonts/cm/cmr10.pfb></usr/local/texlive/2018/texmf-dist/fonts/type1/public/amsf
onts/cm/cmr12.pfb></usr/local/texlive/2018/texmf-dist/fonts/type1/public/amsfon
ts/cm/cmr17.pfb>
Output written on OutlineOnly.pdf (40 pages, 128801 bytes).
PDF statistics:
 163 PDF objects out of 1000 (max. 8388607)
 112 compressed objects within 2 object streams
 0 named destinations out of 1000 (max. 500000)
 1 words of extra memory for PDF output out of 10000 (max. 10000000)

